<?xml version="1.0" encoding="UTF-8"?>
<testng-results ignored="0" total="2" passed="2" failed="0" skipped="0">
  <reporter-output>
  </reporter-output>
  <suite started-at="2024-08-01T10:19:42 IST" name="Suite" finished-at="2024-08-01T10:20:00 IST" duration-ms="17962">
    <groups>
    </groups>
    <test started-at="2024-08-01T10:19:42 IST" name="Test" finished-at="2024-08-01T10:20:00 IST" duration-ms="17962">
      <class name="com.ots.testcases.LoginTest">
        <test-method is-config="true" signature="setup()[pri:0, instance:com.ots.testcases.LoginTest@5afa3c9]" started-at="2024-08-01T10:19:43 IST" name="setup" finished-at="2024-08-01T10:19:49 IST" duration-ms="6133" status="PASS">
          <reporter-output>
          </reporter-output>
        </test-method> <!-- setup -->
        <test-method signature="validLogin(java.lang.String,java.lang.String)[pri:0, instance:com.ots.testcases.LoginTest@5afa3c9]" started-at="2024-08-01T10:19:49 IST" name="validLogin" data-provider="loginTestData" finished-at="2024-08-01T10:19:54 IST" duration-ms="4414" status="PASS">
          <params>
            <param index="0">
              <value>
                <![CDATA[admin@email.com]]>
              </value>
            </param>
            <param index="1">
              <value>
                <![CDATA[admin@123]]>
              </value>
            </param>
          </params>
          <reporter-output>
          </reporter-output>
        </test-method> <!-- validLogin -->
        <test-method is-config="true" signature="tearDown()[pri:0, instance:com.ots.testcases.LoginTest@5afa3c9]" started-at="2024-08-01T10:19:54 IST" name="tearDown" finished-at="2024-08-01T10:19:54 IST" duration-ms="732" status="PASS">
          <reporter-output>
          </reporter-output>
        </test-method> <!-- tearDown -->
        <test-method is-config="true" signature="setup()[pri:0, instance:com.ots.testcases.LoginTest@5afa3c9]" started-at="2024-08-01T10:19:54 IST" name="setup" finished-at="2024-08-01T10:19:59 IST" duration-ms="4294" status="PASS">
          <reporter-output>
          </reporter-output>
        </test-method> <!-- setup -->
        <test-method signature="verifyNewUserLink()[pri:0, instance:com.ots.testcases.LoginTest@5afa3c9]" started-at="2024-08-01T10:19:59 IST" name="verifyNewUserLink" finished-at="2024-08-01T10:19:59 IST" duration-ms="309" status="PASS">
          <reporter-output>
          </reporter-output>
        </test-method> <!-- verifyNewUserLink -->
        <test-method is-config="true" signature="tearDown()[pri:0, instance:com.ots.testcases.LoginTest@5afa3c9]" started-at="2024-08-01T10:19:59 IST" name="tearDown" finished-at="2024-08-01T10:20:00 IST" duration-ms="524" status="PASS">
          <reporter-output>
          </reporter-output>
        </test-method> <!-- tearDown -->
      </class> <!-- com.ots.testcases.LoginTest -->
    </test> <!-- Test -->
  </suite> <!-- Suite -->
</testng-results>
