<?xml version="1.0" encoding="UTF-8"?>
<testng-results ignored="0" total="2" passed="2" failed="0" skipped="0">
  <reporter-output>
  </reporter-output>
  <suite started-at="2024-07-25T11:18:24 IST" name="Default suite" finished-at="2024-07-25T11:18:40 IST" duration-ms="16124">
    <groups>
    </groups>
    <test started-at="2024-07-25T11:18:24 IST" name="Default test" finished-at="2024-07-25T11:18:40 IST" duration-ms="16124">
      <class name="com.ots.testcases.LoginTest">
        <test-method is-config="true" signature="setup()[pri:0, instance:com.ots.testcases.LoginTest@7b36aa0c]" started-at="2024-07-25T11:18:26 IST" name="setup" finished-at="2024-07-25T11:18:33 IST" duration-ms="7186" status="PASS">
          <reporter-output>
          </reporter-output>
        </test-method> <!-- setup -->
        <test-method signature="validLogin(java.lang.String,java.lang.String)[pri:0, instance:com.ots.testcases.LoginTest@7b36aa0c]" started-at="2024-07-25T11:18:33 IST" name="validLogin" data-provider="loginTestData" finished-at="2024-07-25T11:18:36 IST" duration-ms="3346" status="PASS">
          <params>
            <param index="0">
              <value>
                <![CDATA[admin@email.com]]>
              </value>
            </param>
            <param index="1">
              <value>
                <![CDATA[admin@123]]>
              </value>
            </param>
          </params>
          <reporter-output>
          </reporter-output>
        </test-method> <!-- validLogin -->
        <test-method is-config="true" signature="tearDown()[pri:0, instance:com.ots.testcases.LoginTest@7b36aa0c]" started-at="2024-07-25T11:18:36 IST" name="tearDown" finished-at="2024-07-25T11:18:37 IST" duration-ms="633" status="PASS">
          <reporter-output>
          </reporter-output>
        </test-method> <!-- tearDown -->
        <test-method is-config="true" signature="setup()[pri:0, instance:com.ots.testcases.LoginTest@7b36aa0c]" started-at="2024-07-25T11:18:37 IST" name="setup" finished-at="2024-07-25T11:18:40 IST" duration-ms="2849" status="PASS">
          <reporter-output>
          </reporter-output>
        </test-method> <!-- setup -->
        <test-method signature="verifyNewUserLink()[pri:0, instance:com.ots.testcases.LoginTest@7b36aa0c]" started-at="2024-07-25T11:18:40 IST" name="verifyNewUserLink" finished-at="2024-07-25T11:18:40 IST" duration-ms="228" status="PASS">
          <reporter-output>
          </reporter-output>
        </test-method> <!-- verifyNewUserLink -->
        <test-method is-config="true" signature="tearDown()[pri:0, instance:com.ots.testcases.LoginTest@7b36aa0c]" started-at="2024-07-25T11:18:40 IST" name="tearDown" finished-at="2024-07-25T11:18:40 IST" duration-ms="471" status="PASS">
          <reporter-output>
          </reporter-output>
        </test-method> <!-- tearDown -->
      </class> <!-- com.ots.testcases.LoginTest -->
    </test> <!-- Default test -->
  </suite> <!-- Default suite -->
</testng-results>
